#
# A fatal error has been detected by the Java Runtime Environment:
#
#  Internal Error (classFileParser.cpp:3494), pid=5996, tid=7384
#  Error: ShouldNotReachHere()
#
# JRE version: 6.0_31-b05
# Java VM: Java HotSpot(TM) Client VM (20.6-b01 mixed mode windows-x86 )
# If you would like to submit a bug report, please visit:
#   http://java.sun.com/webapps/bugreport/crash.jsp
#

---------------  T H R E A D  ---------------

Current thread (0x00249800):  JavaThread "Unknown thread" [_thread_in_vm, id=7384, stack(0x001c0000,0x00210000)]

Stack: [0x001c0000,0x00210000],  sp=0x0020f86c,  free space=318k
Native frames: (J=compiled Java code, j=interpreted, Vv=VM code, C=native code)
V  [jvm.dll+0x1335ca]
V  [jvm.dll+0x12e57b]
V  [jvm.dll+0x1639e]
V  [jvm.dll+0x17bdf]
V  [jvm.dll+0x26cc5]
V  [jvm.dll+0x27506]
V  [jvm.dll+0x278b5]
V  [jvm.dll+0x27949]
V  [jvm.dll+0x27a0c]
V  [jvm.dll+0x27a8a]
V  [jvm.dll+0x27b6d]
V  [jvm.dll+0x27e39]
V  [jvm.dll+0x6c383]
V  [jvm.dll+0x6c75c]
V  [jvm.dll+0xf9b4c]
V  [jvm.dll+0x11848b]
V  [jvm.dll+0x9eb60]
C  [javaw.exe+0x1657]
C  [javaw.exe+0x1e2c]
C  [javaw.exe+0x8614]
C  [kernel32.dll+0x133aa]  BaseThreadInitThunk+0x12
C  [ntdll.dll+0x39ef2]  RtlInitializeExceptionChain+0x63
C  [ntdll.dll+0x39ec5]  RtlInitializeExceptionChain+0x36


---------------  P R O C E S S  ---------------

Java Threads: ( => current thread )

Other Threads:

=>0x00249800 (exited) JavaThread "Unknown thread" [_thread_in_vm, id=7384, stack(0x001c0000,0x00210000)]

VM state:not at safepoint (not fully initialized)

VM Mutex/Monitor currently owned by a thread: None

Dynamic libraries:
0x00400000 - 0x00425000 	C:\Program Files (x86)\Java\jre6\bin\javaw.exe
0x779b0000 - 0x77b30000 	C:\Windows\SysWOW64\ntdll.dll
0x765c0000 - 0x766d0000 	C:\Windows\syswow64\kernel32.dll
0x76a30000 - 0x76a77000 	C:\Windows\syswow64\KERNELBASE.dll
0x77490000 - 0x77530000 	C:\Windows\syswow64\ADVAPI32.dll
0x768e0000 - 0x7698c000 	C:\Windows\syswow64\msvcrt.dll
0x76210000 - 0x76229000 	C:\Windows\SysWOW64\sechost.dll
0x76e80000 - 0x76f70000 	C:\Windows\syswow64\RPCRT4.dll
0x75400000 - 0x75460000 	C:\Windows\syswow64\SspiCli.dll
0x753f0000 - 0x753fc000 	C:\Windows\syswow64\CRYPTBASE.dll
0x76a90000 - 0x76b90000 	C:\Windows\syswow64\USER32.dll
0x769a0000 - 0x76a30000 	C:\Windows\syswow64\GDI32.dll
0x77020000 - 0x7702a000 	C:\Windows\syswow64\LPK.dll
0x771e0000 - 0x7727d000 	C:\Windows\syswow64\USP10.dll
0x770c0000 - 0x77120000 	C:\Windows\system32\IMM32.DLL
0x764b0000 - 0x7657c000 	C:\Windows\syswow64\MSCTF.dll
0x7c340000 - 0x7c396000 	C:\Program Files (x86)\Java\jre6\bin\msvcr71.dll
0x6d7f0000 - 0x6da9f000 	C:\Program Files (x86)\Java\jre6\bin\client\jvm.dll
0x75150000 - 0x75182000 	C:\Windows\system32\WINMM.dll
0x71a20000 - 0x71a6c000 	C:\Windows\system32\apphelp.dll
0x6d7a0000 - 0x6d7ac000 	C:\Program Files (x86)\Java\jre6\bin\verify.dll
0x6d320000 - 0x6d33f000 	C:\Program Files (x86)\Java\jre6\bin\java.dll
0x6d7e0000 - 0x6d7ef000 	C:\Program Files (x86)\Java\jre6\bin\zip.dll
0x77130000 - 0x77135000 	C:\Windows\system32\PSAPI.DLL

VM Arguments:
jvm_args: -Dfile.encoding=Cp1252 -Xbootclasspath:G:\adt-bundle-windows-x86\sdk\platforms\android-17\android.jar 
java_command: com.example.todolist.abc
Launcher Type: SUN_STANDARD

Environment Variables:
PATH=C:\Program Files (x86)\PC Connectivity Solution\;C:\Python27\Lib\site-packages\PyQt4\bin;C:\Program Files\Common Files\Microsoft Shared\Windows Live;C:\Program Files (x86)\Common Files\Microsoft Shared\Windows Live;C:\Windows\system32;C:\Windows;C:\Windows\System32\Wbem;C:\Windows\System32\WindowsPowerShell\v1.0\;C:\Program Files (x86)\ATI Technologies\ATI.ACE\Core-Static;C:\Program Files (x86)\Common Files\Roxio Shared\DLLShared\;C:\Program Files (x86)\Common Files\Roxio Shared\OEM\DLLShared\;C:\Program Files (x86)\Common Files\Roxio Shared\OEM\DLLShared\;C:\Program Files (x86)\Common Files\Roxio Shared\OEM\12.0\DLLShared\;C:\Program Files (x86)\Roxio\OEM\AudioCore\;C:\Program Files\Dell\DW WLAN Card;C:\Program Files\WIDCOMM\Bluetooth Software\;C:\Program Files\WIDCOMM\Bluetooth Software\syswow64;C:\Program Files (x86)\Windows Live\Shared;C:\Program Files (x86)\Common Files\Adobe\AGL;C:\Program Files (x86)\MATLAB\R2007b\bin;C:\Program Files (x86)\MATLAB\R2007b\bin\win32;C:\Program Files (x86)\Java\jre6\bin;C:\Program Files\nodejs\;H:\Heroku\bin;C:\Program Files (x86)\git\cmd;H:\nodejs\;C:\Sun\AppServer\bin;C:\Sun\AppServer\jdk\bin;C:\Users\abinash\AppData\Roaming\npm;H:\Heroku\ruby-1.9.2\bin
USERNAME=abinash
OS=Windows_NT
PROCESSOR_IDENTIFIER=Intel64 Family 6 Model 37 Stepping 5, GenuineIntel



---------------  S Y S T E M  ---------------

OS: Windows 7 , 64 bit Build 7601 Service Pack 1

CPU:total 4 (2 cores per cpu, 2 threads per core) family 6 model 37 stepping 5, cmov, cx8, fxsr, mmx, sse, sse2, sse3, ssse3, sse4.1, sse4.2, popcnt, ht

Memory: 4k page, physical 4053692k(854512k free), swap 8105524k(2378816k free)

vm_info: Java HotSpot(TM) Client VM (20.6-b01) for windows-x86 JRE (1.6.0_31-b05), built on Feb  3 2012 18:44:09 by "java_re" with MS VC++ 7.1 (VS2003)

time: Mon Aug 12 22:48:11 2013
elapsed time: 0 seconds

